<?xml version="1.0" encoding="UTF-8"?>
<!-- Generated by org.testng.reporters.JUnitXMLReporter -->
<testsuite ignored="0" hostname="DESKTOP-JK5ND52" failures="0" tests="4" name="Default test" time="15.26" errors="0" timestamp="2022-06-21T16:37:00 IST">
  <testcase classname="test_file.Test_Calculator" name="run_addition" time="3.558"/>
  <testcase classname="test_file.Test_Calculator" name="run_division" time="2.307"/>
  <testcase classname="test_file.Test_Calculator" name="run_multiplication" time="2.247"/>
  <testcase classname="test_file.Test_Calculator" name="run_substraction" time="3.508"/>
</testsuite> <!-- Default test -->
