<?xml version="1.0" encoding="UTF-8"?>
<testng-results ignored="0" total="4" passed="4" failed="0" skipped="0">
  <reporter-output>
  </reporter-output>
  <suite started-at="2022-06-21T16:36:45 IST" name="Default suite" finished-at="2022-06-21T16:37:00 IST" duration-ms="15260">
    <groups>
    </groups>
    <test started-at="2022-06-21T16:36:45 IST" name="Default test" finished-at="2022-06-21T16:37:00 IST" duration-ms="15260">
      <class name="test_file.Test_Calculator">
        <test-method is-config="true" signature="before_test()[pri:0, instance:test_file.Test_Calculator@21282ed8]" started-at="2022-06-21T16:36:45 IST" name="before_test" finished-at="2022-06-21T16:36:48 IST" duration-ms="3400" status="PASS">
          <reporter-output>
          </reporter-output>
        </test-method> <!-- before_test -->
        <test-method signature="run_addition()[pri:0, instance:test_file.Test_Calculator@21282ed8]" started-at="2022-06-21T16:36:48 IST" name="run_addition" finished-at="2022-06-21T16:36:52 IST" duration-ms="3558" status="PASS">
          <reporter-output>
          </reporter-output>
        </test-method> <!-- run_addition -->
        <test-method signature="run_division()[pri:0, instance:test_file.Test_Calculator@21282ed8]" started-at="2022-06-21T16:36:52 IST" name="run_division" finished-at="2022-06-21T16:36:54 IST" duration-ms="2307" status="PASS">
          <reporter-output>
          </reporter-output>
        </test-method> <!-- run_division -->
        <test-method signature="run_multiplication()[pri:0, instance:test_file.Test_Calculator@21282ed8]" started-at="2022-06-21T16:36:54 IST" name="run_multiplication" finished-at="2022-06-21T16:36:56 IST" duration-ms="2247" status="PASS">
          <reporter-output>
          </reporter-output>
        </test-method> <!-- run_multiplication -->
        <test-method signature="run_substraction()[pri:0, instance:test_file.Test_Calculator@21282ed8]" started-at="2022-06-21T16:36:56 IST" name="run_substraction" finished-at="2022-06-21T16:37:00 IST" duration-ms="3508" status="PASS">
          <reporter-output>
          </reporter-output>
        </test-method> <!-- run_substraction -->
        <test-method is-config="true" signature="close_calculator()[pri:0, instance:test_file.Test_Calculator@21282ed8]" started-at="2022-06-21T16:37:00 IST" name="close_calculator" finished-at="2022-06-21T16:37:00 IST" duration-ms="157" status="PASS">
          <reporter-output>
          </reporter-output>
        </test-method> <!-- close_calculator -->
      </class> <!-- test_file.Test_Calculator -->
    </test> <!-- Default test -->
  </suite> <!-- Default suite -->
</testng-results>
